\BOOKMARK [1][-]{section.1}{\376\377\000I\000n\000t\000r\000o\000d\000u\000c\000t\000i\000o\000n}{}% 1
\BOOKMARK [2][-]{subsection.1.1}{\376\377\000T\000h\000e\000\040\000I\000m\000p\000o\000r\000t\000a\000n\000c\000e\000\040\000o\000f\000\040\000M\000a\000t\000h\000e\000m\000a\000t\000i\000c\000s\000\040\000i\000n\000\040\000A\000I\000\040\000a\000n\000d\000\040\000M\000L}{section.1}% 2
\BOOKMARK [1][-]{section.2}{\376\377\000L\000i\000n\000e\000a\000r\000\040\000A\000l\000g\000e\000b\000r\000a}{}% 3
\BOOKMARK [2][-]{subsection.2.1}{\376\377\000V\000e\000c\000t\000o\000r\000s\000\040\000a\000n\000d\000\040\000M\000a\000t\000r\000i\000c\000e\000s}{section.2}% 4
\BOOKMARK [3][-]{subsubsection.2.1.1}{\376\377\000V\000e\000c\000t\000o\000r\000s}{subsection.2.1}% 5
\BOOKMARK [3][-]{subsubsection.2.1.2}{\376\377\000M\000a\000t\000r\000i\000c\000e\000s}{subsection.2.1}% 6
\BOOKMARK [2][-]{subsection.2.2}{\376\377\000E\000i\000g\000e\000n\000v\000a\000l\000u\000e\000s\000\040\000a\000n\000d\000\040\000E\000i\000g\000e\000n\000v\000e\000c\000t\000o\000r\000s}{section.2}% 7
\BOOKMARK [3][-]{subsubsection.2.2.1}{\376\377\000E\000i\000g\000e\000n\000v\000a\000l\000u\000e\000s}{subsection.2.2}% 8
\BOOKMARK [3][-]{subsubsection.2.2.2}{\376\377\000E\000i\000g\000e\000n\000v\000e\000c\000t\000o\000r\000s}{subsection.2.2}% 9
\BOOKMARK [2][-]{subsection.2.3}{\376\377\000S\000i\000n\000g\000u\000l\000a\000r\000\040\000V\000a\000l\000u\000e\000\040\000D\000e\000c\000o\000m\000p\000o\000s\000i\000t\000i\000o\000n}{section.2}% 10
\BOOKMARK [1][-]{section.3}{\376\377\000C\000a\000l\000c\000u\000l\000u\000s}{}% 11
\BOOKMARK [2][-]{subsection.3.1}{\376\377\000D\000i\000f\000f\000e\000r\000e\000n\000t\000i\000a\000l\000\040\000C\000a\000l\000c\000u\000l\000u\000s}{section.3}% 12
\BOOKMARK [3][-]{subsubsection.3.1.1}{\376\377\000D\000e\000r\000i\000v\000a\000t\000i\000v\000e}{subsection.3.1}% 13
\BOOKMARK [3][-]{subsubsection.3.1.2}{\376\377\000G\000r\000a\000d\000i\000e\000n\000t}{subsection.3.1}% 14
\BOOKMARK [2][-]{subsection.3.2}{\376\377\000I\000n\000t\000e\000g\000r\000a\000l\000\040\000C\000a\000l\000c\000u\000l\000u\000s}{section.3}% 15
\BOOKMARK [3][-]{subsubsection.3.2.1}{\376\377\000I\000n\000t\000e\000g\000r\000a\000l}{subsection.3.2}% 16
\BOOKMARK [2][-]{subsection.3.3}{\376\377\000G\000r\000a\000d\000i\000e\000n\000t\000\040\000D\000e\000s\000c\000e\000n\000t}{section.3}% 17
\BOOKMARK [3][-]{subsubsection.3.3.1}{\376\377\000A\000l\000g\000o\000r\000i\000t\000h\000m}{subsection.3.3}% 18
\BOOKMARK [1][-]{section.4}{\376\377\000P\000r\000o\000b\000a\000b\000i\000l\000i\000t\000y\000\040\000a\000n\000d\000\040\000S\000t\000a\000t\000i\000s\000t\000i\000c\000s}{}% 19
\BOOKMARK [2][-]{subsection.4.1}{\376\377\000B\000a\000y\000e\000s\000i\000a\000n\000\040\000T\000h\000i\000n\000k\000i\000n\000g}{section.4}% 20
\BOOKMARK [2][-]{subsection.4.2}{\376\377\000P\000r\000o\000b\000a\000b\000i\000l\000i\000t\000y\000\040\000D\000i\000s\000t\000r\000i\000b\000u\000t\000i\000o\000n\000s}{section.4}% 21
\BOOKMARK [2][-]{subsection.4.3}{\376\377\000S\000t\000a\000t\000i\000s\000t\000i\000c\000a\000l\000\040\000I\000n\000f\000e\000r\000e\000n\000c\000e}{section.4}% 22
\BOOKMARK [1][-]{section.5}{\376\377\000O\000p\000t\000i\000m\000i\000z\000a\000t\000i\000o\000n\000\040\000T\000h\000e\000o\000r\000y}{}% 23
\BOOKMARK [2][-]{subsection.5.1}{\376\377\000C\000o\000n\000v\000e\000x\000\040\000O\000p\000t\000i\000m\000i\000z\000a\000t\000i\000o\000n}{section.5}% 24
\BOOKMARK [2][-]{subsection.5.2}{\376\377\000L\000a\000g\000r\000a\000n\000g\000e\000\040\000M\000u\000l\000t\000i\000p\000l\000i\000e\000r\000s}{section.5}% 25
\BOOKMARK [2][-]{subsection.5.3}{\376\377\000L\000i\000n\000e\000a\000r\000\040\000P\000r\000o\000g\000r\000a\000m\000m\000i\000n\000g}{section.5}% 26
\BOOKMARK [1][-]{section.6}{\376\377\000I\000n\000f\000o\000r\000m\000a\000t\000i\000o\000n\000\040\000T\000h\000e\000o\000r\000y}{}% 27
\BOOKMARK [2][-]{subsection.6.1}{\376\377\000E\000n\000t\000r\000o\000p\000y}{section.6}% 28
\BOOKMARK [2][-]{subsection.6.2}{\376\377\000I\000n\000f\000o\000r\000m\000a\000t\000i\000o\000n\000\040\000G\000a\000i\000n}{section.6}% 29
\BOOKMARK [2][-]{subsection.6.3}{\376\377\000K\000u\000l\000l\000b\000a\000c\000k\000-\000L\000e\000i\000b\000l\000e\000r\000\040\000D\000i\000v\000e\000r\000g\000e\000n\000c\000e}{section.6}% 30
\BOOKMARK [1][-]{section.7}{\376\377\000N\000u\000m\000e\000r\000i\000c\000a\000l\000\040\000M\000e\000t\000h\000o\000d\000s}{}% 31
\BOOKMARK [2][-]{subsection.7.1}{\376\377\000N\000u\000m\000e\000r\000i\000c\000a\000l\000\040\000O\000p\000t\000i\000m\000i\000z\000a\000t\000i\000o\000n}{section.7}% 32
\BOOKMARK [2][-]{subsection.7.2}{\376\377\000M\000a\000t\000r\000i\000x\000\040\000F\000a\000c\000t\000o\000r\000i\000z\000a\000t\000i\000o\000n}{section.7}% 33
\BOOKMARK [2][-]{subsection.7.3}{\376\377\000R\000o\000o\000t\000\040\000F\000i\000n\000d\000i\000n\000g\000\040\000A\000l\000g\000o\000r\000i\000t\000h\000m\000s}{section.7}% 34
\BOOKMARK [1][-]{section.8}{\376\377\000C\000o\000n\000c\000l\000u\000s\000i\000o\000n}{}% 35
\BOOKMARK [2][-]{subsection.8.1}{\376\377\000T\000h\000e\000\040\000F\000u\000t\000u\000r\000e\000\040\000o\000f\000\040\000M\000a\000t\000h\000e\000m\000a\000t\000i\000c\000s\000\040\000i\000n\000\040\000A\000I\000\040\000a\000n\000d\000\040\000M\000L}{section.8}% 36
